<?xml version="1.0" encoding="UTF-8"?>
<!-- Generated by org.testng.reporters.JUnitXMLReporter -->
<testsuite ignored="4" hostname="LAPTOP-4QN7VMLV" failures="0" tests="3" name="ContactsTest" time="234.659" errors="0" timestamp="2025-12-18T08:03:17 IST">
  <testcase classname="contactsModule.CancelButtoncheckFrom_Test" name="cancelbtncheck" time="0.0">
    <skipped/>
  </testcase> <!-- cancelbtncheck -->
  <testcase classname="contactsModule.CreateContactbyOrganizationFrom_Test" name="craetecontact" time="42.058"/>
  <testcase classname="contactsModule.DeleteContactsFrom_Test" name="deleteContact" time="15.32"/>
  <testcase classname="genericUtility.BaseClass_Utilities" name="@BeforeSuite connectToDb" time="0.0">
    <ignored/>
  </testcase> <!-- @BeforeSuite connectToDb -->
  <testcase classname="genericUtility.BaseClass_Utilities" name="@BeforeSuite connectToDb" time="0.0">
    <ignored/>
  </testcase> <!-- @BeforeSuite connectToDb -->
  <testcase classname="genericUtility.BaseClass_Utilities" name="@AfterSuite disconnectDB" time="0.0">
    <ignored/>
  </testcase> <!-- @AfterSuite disconnectDB -->
  <testcase classname="genericUtility.BaseClass_Utilities" name="@AfterSuite disconnectDB" time="0.0">
    <ignored/>
  </testcase> <!-- @AfterSuite disconnectDB -->
</testsuite> <!-- ContactsTest -->
