<?xml version="1.0" encoding="UTF-8"?>
<!-- Generated by org.testng.reporters.JUnitXMLReporter -->
<testsuite ignored="2" hostname="LAPTOP-4QN7VMLV" failures="0" tests="2" name="OrganizationTest" time="75.578" errors="0" timestamp="2025-12-18T08:00:38 IST">
  <testcase classname="organizationModule.CreateOraganizationFromSource_Test" name="createorgmand" time="24.455"/>
  <testcase classname="organizationModule.CreateOrganizaionFrom_Test" name="createorg" time="21.625"/>
  <testcase classname="genericUtility.BaseClass_Utilities" name="@AfterSuite disconnectDB" time="0.0">
    <ignored/>
  </testcase> <!-- @AfterSuite disconnectDB -->
  <testcase classname="genericUtility.BaseClass_Utilities" name="@BeforeSuite connectToDb" time="0.0">
    <ignored/>
  </testcase> <!-- @BeforeSuite connectToDb -->
</testsuite> <!-- OrganizationTest -->
