<?xml version="1.0" encoding="UTF-8"?>
<!-- Generated by org.testng.reporters.JUnitXMLReporter -->
<testsuite ignored="4" hostname="LAPTOP-4QN7VMLV" failures="0" tests="3" name="Test" time="140.151" errors="0" timestamp="2025-12-22T19:49:06 IST">
  <testcase classname="organizationModule.CreateOrganizaionFrom_Test" name="createorg" time="50.27"/>
  <testcase classname="leadsModule.CreateLeadwithMandtoryFrom_Test" name="createlead" time="16.103"/>
  <testcase classname="productModule.CreateProductbyVendors_Test" name="createproductbyven" time="38.21"/>
  <testcase classname="genericUtility.BaseClass_Utilities" name="@BeforeSuite connectToDb" time="0.0">
    <ignored/>
  </testcase> <!-- @BeforeSuite connectToDb -->
  <testcase classname="genericUtility.BaseClass_Utilities" name="@AfterSuite disconnectDB" time="0.0">
    <ignored/>
  </testcase> <!-- @AfterSuite disconnectDB -->
  <testcase classname="genericUtility.BaseClass_Utilities" name="@AfterSuite disconnectDB" time="0.0">
    <ignored/>
  </testcase> <!-- @AfterSuite disconnectDB -->
  <testcase classname="genericUtility.BaseClass_Utilities" name="@BeforeSuite connectToDb" time="0.0">
    <ignored/>
  </testcase> <!-- @BeforeSuite connectToDb -->
</testsuite> <!-- Test -->
