<?xml version="1.0" encoding="UTF-8"?>
<!-- Generated by org.testng.reporters.JUnitXMLReporter -->
<testsuite ignored="6" hostname="LAPTOP-4QN7VMLV" failures="0" tests="1" name="Test1" time="24.091" errors="0" timestamp="2025-12-22T11:19:50 IST">
  <testcase classname="productModule.DeleteCreatedProduct_Test" name="deleteproduct" time="12.593"/>
  <testcase classname="genericUtility.BaseClass_Utilities" name="@AfterSuite disconnectDB" time="0.0">
    <ignored/>
  </testcase> <!-- @AfterSuite disconnectDB -->
  <testcase classname="genericUtility.BaseClass_Utilities" name="@AfterSuite disconnectDB" time="0.0">
    <ignored/>
  </testcase> <!-- @AfterSuite disconnectDB -->
  <testcase classname="genericUtility.BaseClass_Utilities" name="@BeforeSuite connectToDb" time="0.0">
    <ignored/>
  </testcase> <!-- @BeforeSuite connectToDb -->
  <testcase classname="productModule.CreateProductbyVendors_Test" name="createproductbyven" time="0.0">
    <ignored/>
  </testcase> <!-- createproductbyven -->
  <testcase classname="productModule.CheckCreatedProduct_Test" name="createproduct" time="0.0">
    <ignored/>
  </testcase> <!-- createproduct -->
  <testcase classname="genericUtility.BaseClass_Utilities" name="@BeforeSuite connectToDb" time="0.0">
    <ignored/>
  </testcase> <!-- @BeforeSuite connectToDb -->
</testsuite> <!-- Test1 -->
