<?xml version="1.0" encoding="UTF-8"?>
<!-- Generated by org.testng.reporters.JUnitXMLReporter -->
<testsuite ignored="2" hostname="LAPTOP-4QN7VMLV" failures="0" tests="1" name="Test" time="16.508" errors="0" timestamp="2025-12-30T10:00:48 IST">
  <testcase classname="testNG_Part.SampleMethods" name="sample" time="0.025"/>
  <testcase classname="testNG_Part.SampleMethods" name="sample3" time="0.0">
    <ignored/>
  </testcase> <!-- sample3 -->
  <testcase classname="testNG_Part.SampleMethods" name="sample2" time="0.0">
    <ignored/>
  </testcase> <!-- sample2 -->
</testsuite> <!-- Test -->
