<?xml version="1.0" encoding="UTF-8"?>
<testng-results ignored="0" total="1" passed="1" failed="0" skipped="0">
  <reporter-output>
  </reporter-output>
  <suite started-at="2025-12-30T10:00:31 IST" name="Suite" finished-at="2025-12-30T10:00:48 IST" duration-ms="16508">
    <groups>
      <group name="smoke">
        <method signature="SampleMethods.sample()[pri:0, instance:testNG_Part.SampleMethods@dd8ba08]" name="sample" class="testNG_Part.SampleMethods"/>
      </group> <!-- smoke -->
    </groups>
    <test started-at="2025-12-30T10:00:31 IST" name="Test" finished-at="2025-12-30T10:00:48 IST" duration-ms="16508">
      <class name="testNG_Part.SampleMethods">
        <test-method is-config="true" signature="connectToDb()[pri:0, instance:testNG_Part.SampleMethods@dd8ba08]" started-at="2025-12-30T10:00:30 IST" name="connectToDb" finished-at="2025-12-30T10:00:31 IST" duration-ms="647" status="PASS">
          <reporter-output>
          </reporter-output>
        </test-method> <!-- connectToDb -->
        <test-method is-config="true" signature="launchbrowser()[pri:0, instance:testNG_Part.SampleMethods@dd8ba08]" started-at="2025-12-30T10:00:31 IST" name="launchbrowser" finished-at="2025-12-30T10:00:36 IST" duration-ms="4730" status="PASS">
          <reporter-output>
          </reporter-output>
        </test-method> <!-- launchbrowser -->
        <test-method is-config="true" signature="logintoapp()[pri:0, instance:testNG_Part.SampleMethods@dd8ba08]" started-at="2025-12-30T10:00:36 IST" name="logintoapp" finished-at="2025-12-30T10:00:36 IST" duration-ms="363" status="PASS">
          <reporter-output>
          </reporter-output>
        </test-method> <!-- logintoapp -->
        <test-method signature="sample()[pri:0, instance:testNG_Part.SampleMethods@dd8ba08]" started-at="2025-12-30T10:00:36 IST" name="sample" finished-at="2025-12-30T10:00:36 IST" duration-ms="25" status="PASS">
          <reporter-output>
          </reporter-output>
        </test-method> <!-- sample -->
        <test-method is-config="true" signature="logouttoapp()[pri:0, instance:testNG_Part.SampleMethods@dd8ba08]" started-at="2025-12-30T10:00:36 IST" name="logouttoapp" finished-at="2025-12-30T10:00:47 IST" duration-ms="10884" status="PASS">
          <reporter-output>
          </reporter-output>
        </test-method> <!-- logouttoapp -->
        <test-method is-config="true" signature="closethebrowser()[pri:0, instance:testNG_Part.SampleMethods@dd8ba08]" started-at="2025-12-30T10:00:47 IST" name="closethebrowser" finished-at="2025-12-30T10:00:48 IST" duration-ms="333" status="PASS">
          <reporter-output>
          </reporter-output>
        </test-method> <!-- closethebrowser -->
        <test-method is-config="true" signature="disconnectDB()[pri:0, instance:testNG_Part.SampleMethods@dd8ba08]" started-at="2025-12-30T10:00:48 IST" name="disconnectDB" finished-at="2025-12-30T10:00:48 IST" duration-ms="4" status="PASS">
          <reporter-output>
          </reporter-output>
        </test-method> <!-- disconnectDB -->
      </class> <!-- testNG_Part.SampleMethods -->
    </test> <!-- Test -->
  </suite> <!-- Suite -->
</testng-results>
