<?xml version="1.0" encoding="UTF-8"?>
<testng-results ignored="0" total="3" passed="3" failed="0" skipped="0">
  <reporter-output>
  </reporter-output>
  <suite started-at="2025-12-22T19:46:46 IST" name="Suite" finished-at="2025-12-22T19:49:06 IST" duration-ms="140151">
    <groups>
    </groups>
    <test started-at="2025-12-22T19:46:46 IST" name="Test" finished-at="2025-12-22T19:49:06 IST" duration-ms="140151">
      <class name="productModule.CreateProductbyVendors_Test">
        <test-method is-config="true" signature="launchbrowser()[pri:0, instance:productModule.CreateProductbyVendors_Test@6025e1b6]" started-at="2025-12-22T19:48:16 IST" name="launchbrowser" finished-at="2025-12-22T19:48:19 IST" duration-ms="3386" status="PASS">
          <reporter-output>
          </reporter-output>
        </test-method> <!-- launchbrowser -->
        <test-method is-config="true" signature="logintoapp()[pri:0, instance:productModule.CreateProductbyVendors_Test@6025e1b6]" started-at="2025-12-22T19:48:19 IST" name="logintoapp" finished-at="2025-12-22T19:48:25 IST" duration-ms="5544" status="PASS">
          <reporter-output>
          </reporter-output>
        </test-method> <!-- logintoapp -->
        <test-method signature="createproductbyven()[pri:0, instance:productModule.CreateProductbyVendors_Test@6025e1b6]" started-at="2025-12-22T19:48:25 IST" name="createproductbyven" finished-at="2025-12-22T19:49:03 IST" duration-ms="38210" status="PASS">
          <reporter-output>
          </reporter-output>
        </test-method> <!-- createproductbyven -->
        <test-method is-config="true" signature="logouttoapp()[pri:0, instance:productModule.CreateProductbyVendors_Test@6025e1b6]" started-at="2025-12-22T19:49:03 IST" name="logouttoapp" finished-at="2025-12-22T19:49:06 IST" duration-ms="2990" status="PASS">
          <reporter-output>
          </reporter-output>
        </test-method> <!-- logouttoapp -->
        <test-method is-config="true" signature="closethebrowser()[pri:0, instance:productModule.CreateProductbyVendors_Test@6025e1b6]" started-at="2025-12-22T19:49:06 IST" name="closethebrowser" finished-at="2025-12-22T19:49:06 IST" duration-ms="312" status="PASS">
          <reporter-output>
          </reporter-output>
        </test-method> <!-- closethebrowser -->
      </class> <!-- productModule.CreateProductbyVendors_Test -->
      <class name="organizationModule.CreateOrganizaionFrom_Test">
        <test-method is-config="true" signature="connectToDb()[pri:0, instance:organizationModule.CreateOrganizaionFrom_Test@3c41ed1d]" started-at="2025-12-22T19:46:45 IST" name="connectToDb" finished-at="2025-12-22T19:46:46 IST" duration-ms="578" status="PASS">
          <reporter-output>
          </reporter-output>
        </test-method> <!-- connectToDb -->
        <test-method is-config="true" signature="launchbrowser()[pri:0, instance:organizationModule.CreateOrganizaionFrom_Test@3c41ed1d]" started-at="2025-12-22T19:46:46 IST" name="launchbrowser" finished-at="2025-12-22T19:46:51 IST" duration-ms="4887" status="PASS">
          <reporter-output>
          </reporter-output>
        </test-method> <!-- launchbrowser -->
        <test-method is-config="true" signature="logintoapp()[pri:0, instance:organizationModule.CreateOrganizaionFrom_Test@3c41ed1d]" started-at="2025-12-22T19:46:51 IST" name="logintoapp" finished-at="2025-12-22T19:46:52 IST" duration-ms="534" status="PASS">
          <reporter-output>
          </reporter-output>
        </test-method> <!-- logintoapp -->
        <test-method signature="createorg()[pri:0, instance:organizationModule.CreateOrganizaionFrom_Test@3c41ed1d]" started-at="2025-12-22T19:46:52 IST" name="createorg" finished-at="2025-12-22T19:47:42 IST" duration-ms="50270" status="PASS">
          <reporter-output>
          </reporter-output>
        </test-method> <!-- createorg -->
        <test-method is-config="true" signature="logouttoapp()[pri:0, instance:organizationModule.CreateOrganizaionFrom_Test@3c41ed1d]" started-at="2025-12-22T19:47:42 IST" name="logouttoapp" finished-at="2025-12-22T19:47:44 IST" duration-ms="2460" status="PASS">
          <reporter-output>
          </reporter-output>
        </test-method> <!-- logouttoapp -->
        <test-method is-config="true" signature="closethebrowser()[pri:0, instance:organizationModule.CreateOrganizaionFrom_Test@3c41ed1d]" started-at="2025-12-22T19:47:44 IST" name="closethebrowser" finished-at="2025-12-22T19:47:45 IST" duration-ms="290" status="PASS">
          <reporter-output>
          </reporter-output>
        </test-method> <!-- closethebrowser -->
        <test-method is-config="true" signature="disconnectDB()[pri:0, instance:organizationModule.CreateOrganizaionFrom_Test@3c41ed1d]" started-at="2025-12-22T19:49:06 IST" name="disconnectDB" finished-at="2025-12-22T19:49:06 IST" duration-ms="6" status="PASS">
          <reporter-output>
          </reporter-output>
        </test-method> <!-- disconnectDB -->
      </class> <!-- organizationModule.CreateOrganizaionFrom_Test -->
      <class name="leadsModule.CreateLeadwithMandtoryFrom_Test">
        <test-method is-config="true" signature="launchbrowser()[pri:0, instance:leadsModule.CreateLeadwithMandtoryFrom_Test@40a4337a]" started-at="2025-12-22T19:47:45 IST" name="launchbrowser" finished-at="2025-12-22T19:47:48 IST" duration-ms="2791" status="PASS">
          <reporter-output>
          </reporter-output>
        </test-method> <!-- launchbrowser -->
        <test-method is-config="true" signature="logintoapp()[pri:0, instance:leadsModule.CreateLeadwithMandtoryFrom_Test@40a4337a]" started-at="2025-12-22T19:47:48 IST" name="logintoapp" finished-at="2025-12-22T19:47:57 IST" duration-ms="9512" status="PASS">
          <reporter-output>
          </reporter-output>
        </test-method> <!-- logintoapp -->
        <test-method signature="createlead()[pri:0, instance:leadsModule.CreateLeadwithMandtoryFrom_Test@40a4337a]" started-at="2025-12-22T19:47:57 IST" name="createlead" finished-at="2025-12-22T19:48:13 IST" duration-ms="16103" status="PASS">
          <reporter-output>
          </reporter-output>
        </test-method> <!-- createlead -->
        <test-method is-config="true" signature="logouttoapp()[pri:0, instance:leadsModule.CreateLeadwithMandtoryFrom_Test@40a4337a]" started-at="2025-12-22T19:48:13 IST" name="logouttoapp" finished-at="2025-12-22T19:48:15 IST" duration-ms="2313" status="PASS">
          <reporter-output>
          </reporter-output>
        </test-method> <!-- logouttoapp -->
        <test-method is-config="true" signature="closethebrowser()[pri:0, instance:leadsModule.CreateLeadwithMandtoryFrom_Test@40a4337a]" started-at="2025-12-22T19:48:15 IST" name="closethebrowser" finished-at="2025-12-22T19:48:16 IST" duration-ms="308" status="PASS">
          <reporter-output>
          </reporter-output>
        </test-method> <!-- closethebrowser -->
      </class> <!-- leadsModule.CreateLeadwithMandtoryFrom_Test -->
    </test> <!-- Test -->
  </suite> <!-- Suite -->
</testng-results>
