<?xml version="1.0" encoding="UTF-8"?>
<!-- Generated by org.testng.reporters.JUnitReportReporter -->
<testsuite hostname="LAPTOP-4QN7VMLV" failures="0" tests="2" name="testNG_Part.DataProvider_LoginVtiger" time="29.761" errors="0" timestamp="2025-12-15T20:15:52 IST" skipped="0">
  <testcase classname="testNG_Part.DataProvider_LoginVtiger" name="testScript" time="2.876"/>
  <testcase classname="testNG_Part.DataProvider_LoginVtiger" name="testScript" time="26.885"/>
</testsuite> <!-- testNG_Part.DataProvider_LoginVtiger -->
