<?xml version="1.0" encoding="UTF-8"?>
<!-- Generated by org.testng.reporters.JUnitReportReporter -->
<testsuite hostname="LAPTOP-4QN7VMLV" failures="0" tests="2" name="productModule.CheckCreatedProduct_Test" time="17.744" errors="0" timestamp="2025-12-18T12:18:07 IST" skipped="0">
  <testcase classname="productModule.CheckCreatedProduct_Test" name="createproduct" time="8.366"/>
  <testcase classname="productModule.CheckCreatedProduct_Test" name="createproduct" time="9.378"/>
</testsuite> <!-- productModule.CheckCreatedProduct_Test -->
