<?xml version="1.0" encoding="UTF-8"?>
<!-- Generated by org.testng.reporters.JUnitReportReporter -->
<testsuite hostname="LAPTOP-4QN7VMLV" failures="0" tests="3" name="testNG_Part.DataProvider_TestNG" time="0.056" errors="0" timestamp="2025-12-15T17:44:38 IST" skipped="0">
  <testcase classname="testNG_Part.DataProvider_TestNG" name="getDrivers" time="0.044"/>
  <testcase classname="testNG_Part.DataProvider_TestNG" name="getDrivers" time="0.006"/>
  <testcase classname="testNG_Part.DataProvider_TestNG" name="getDrivers" time="0.006"/>
</testsuite> <!-- testNG_Part.DataProvider_TestNG -->
