<?xml version="1.0" encoding="UTF-8"?>
<!-- Generated by org.testng.reporters.JUnitReportReporter -->
<testsuite hostname="LAPTOP-4QN7VMLV" failures="0" tests="13" name="testNG_Part.Racing_Drivers_Sports" time="0.130" errors="0" timestamp="2025-12-16T12:21:47 IST" skipped="0">
  <testcase classname="testNG_Part.Racing_Drivers_Sports" name="getF1" time="0.007"/>
  <testcase classname="testNG_Part.Racing_Drivers_Sports" name="getFootball" time="0.006"/>
  <testcase classname="testNG_Part.Racing_Drivers_Sports" name="getFootballex" time="0.004"/>
  <testcase classname="testNG_Part.Racing_Drivers_Sports" name="getFootballex" time="0.008"/>
  <testcase classname="testNG_Part.Racing_Drivers_Sports" name="getFootballex" time="0.003"/>
  <testcase classname="testNG_Part.Racing_Drivers_Sports" name="getF1" time="0.011"/>
  <testcase classname="testNG_Part.Racing_Drivers_Sports" name="getF1" time="0.038"/>
  <testcase classname="testNG_Part.Racing_Drivers_Sports" name="getMotoGp" time="0.002"/>
  <testcase classname="testNG_Part.Racing_Drivers_Sports" name="getMotoGp" time="0.026"/>
  <testcase classname="testNG_Part.Racing_Drivers_Sports" name="getFootball" time="0.007"/>
  <testcase classname="testNG_Part.Racing_Drivers_Sports" name="getFootballex" time="0.003"/>
  <testcase classname="testNG_Part.Racing_Drivers_Sports" name="getFootball" time="0.008"/>
  <testcase classname="testNG_Part.Racing_Drivers_Sports" name="getFootball" time="0.007"/>
</testsuite> <!-- testNG_Part.Racing_Drivers_Sports -->
