<?xml version="1.0" encoding="UTF-8"?>
<!-- Generated by org.testng.reporters.JUnitReportReporter -->
<testsuite hostname="LAPTOP-4QN7VMLV" failures="0" tests="5" name="testNG_Part.TestNG_Attribute" time="0.071" errors="0" timestamp="2025-12-15T14:43:57 IST" skipped="0">
  <testcase classname="testNG_Part.TestNG_Attribute" name="sample_p2" time="0.004"/>
  <testcase classname="testNG_Part.TestNG_Attribute" name="sample_p3" time="0.055"/>
  <testcase classname="testNG_Part.TestNG_Attribute" name="sample_p1" time="0.005"/>
  <testcase classname="testNG_Part.TestNG_Attribute" name="sample_p1" time="0.004"/>
  <testcase classname="testNG_Part.TestNG_Attribute" name="sample_p1" time="0.003"/>
</testsuite> <!-- testNG_Part.TestNG_Attribute -->
