<?xml version="1.0" encoding="UTF-8"?>
<!-- Generated by org.testng.reporters.JUnitReportReporter -->
<testsuite hostname="LAPTOP-4QN7VMLV" failures="0" tests="2" name="testNG_Part.TestNG_Config_Annotation2" time="0.009" errors="0" timestamp="2025-12-15T17:41:18 IST" skipped="0">
  <testcase classname="testNG_Part.TestNG_Config_Annotation2" name="m2" time="0.004"/>
  <testcase classname="testNG_Part.TestNG_Config_Annotation2" name="m1" time="0.005"/>
</testsuite> <!-- testNG_Part.TestNG_Config_Annotation2 -->
